14:37:52.008 [restartedMain] INFO  o.s.d.r.c.RepositoryConfigurationDelegate - Bootstrapping Spring Data MongoDB repositories in DEFAULT mode.
14:37:52.020 [restartedMain] INFO  o.s.d.r.c.RepositoryConfigurationDelegate - Finished Spring Data repository scanning in 8 ms. Found 2 MongoDB repository interfaces.
14:37:52.071 [restartedMain] INFO  o.s.b.w.e.tomcat.TomcatWebServer - Tomcat initialized with port 8080 (http)
14:37:52.071 [restartedMain] INFO  o.a.coyote.http11.Http11NioProtocol - Initializing ProtocolHandler ["http-nio-8080"]
14:37:52.072 [restartedMain] INFO  o.a.catalina.core.StandardService - Starting service [Tomcat]
14:37:52.072 [restartedMain] INFO  o.a.catalina.core.StandardEngine - Starting Servlet engine: [Apache Tomcat/10.1.42]
14:37:52.092 [restartedMain] INFO  o.a.c.c.C.[Tomcat-4].[localhost].[/] - Initializing Spring embedded WebApplicationContext
14:37:52.093 [restartedMain] INFO  o.s.b.w.s.c.ServletWebServerApplicationContext - Root WebApplicationContext: initialization completed in 229 ms
14:37:52.125 [restartedMain] INFO  org.mongodb.driver.client - MongoClient with metadata {"driver": {"name": "mongo-java-driver|sync|spring-boot", "version": "5.5.1"}, "os": {"type": "Windows", "name": "Windows 11", "architecture": "amd64", "version": "10.0"}, "platform": "Java/Microsoft/17.0.15+6-LTS"} created with settings MongoClientSettings{readPreference=primary, writeConcern=WriteConcern{w=null, wTimeout=null ms, journal=null}, retryWrites=true, retryReads=true, readConcern=ReadConcern{level=null}, credential=MongoCredential{mechanism=null, userName='yk3846568', source='admin', password=<hidden>, mechanismProperties=<hidden>}, transportSettings=null, commandListeners=[], codecRegistry=ProvidersCodecRegistry{codecProviders=[ValueCodecProvider{}, BsonValueCodecProvider{}, DBRefCodecProvider{}, DBObjectCodecProvider{}, DocumentCodecProvider{}, CollectionCodecProvider{}, IterableCodecProvider{}, MapCodecProvider{}, GeoJsonCodecProvider{}, GridFSFileCodecProvider{}, Jsr310CodecProvider{}, JsonObjectCodecProvider{}, BsonCodecProvider{}, EnumCodecProvider{}, com.mongodb.client.model.mql.ExpressionCodecProvider@78a48fce, com.mongodb.Jep395RecordCodecProvider@27419ee2, com.mongodb.KotlinCodecProvider@20f17164]}, loggerSettings=LoggerSettings{maxDocumentLength=1000}, clusterSettings={hosts=[127.0.0.1:27017], srvHost=cluster0.gqqqwzj.mongodb.net, srvServiceName=mongodb, mode=MULTIPLE, requiredClusterType=REPLICA_SET, requiredReplicaSetName='atlas-m5ab0s-shard-0', serverSelector='null', clusterListeners='[]', serverSelectionTimeout='30000 ms', localThreshold='15 ms'}, socketSettings=SocketSettings{connectTimeoutMS=10000, readTimeoutMS=0, receiveBufferSize=0, proxySettings=ProxySettings{host=null, port=null, username=null, password=null}}, heartbeatSocketSettings=SocketSettings{connectTimeoutMS=10000, readTimeoutMS=10000, receiveBufferSize=0, proxySettings=ProxySettings{host=null, port=null, username=null, password=null}}, connectionPoolSettings=ConnectionPoolSettings{maxSize=100, minSize=0, maxWaitTimeMS=120000, maxConnectionLifeTimeMS=0, maxConnectionIdleTimeMS=0, maintenanceInitialDelayMS=0, maintenanceFrequencyMS=60000, connectionPoolListeners=[], maxConnecting=2}, serverSettings=ServerSettings{heartbeatFrequencyMS=10000, minHeartbeatFrequencyMS=500, serverMonitoringMode=AUTO, serverListeners='[]', serverMonitorListeners='[]'}, sslSettings=SslSettings{enabled=true, invalidHostNameAllowed=false, context=null}, applicationName='null', compressorList=[], uuidRepresentation=JAVA_LEGACY, serverApi=null, autoEncryptionSettings=null, dnsClient=null, inetAddressResolver=null, contextProvider=null, timeoutMS=null}
14:37:52.131 [restartedMain] INFO  o.s.b.d.a.OptionalLiveReloadServer - LiveReload server is running on port 35729
14:37:52.139 [restartedMain] INFO  org.mongodb.driver.cluster - Waiting for server to become available for operation with ID 135. Remaining time: 29999 ms. Selector: WritableServerSelector, topology description: {type=UNKNOWN, servers=[].
14:37:52.157 [cluster-ClusterId{value='687e0368a5b2fcf8ce803f36', description='null'}-srv-cluster0.gqqqwzj.mongodb.net] INFO  org.mongodb.driver.cluster - Adding discovered server ac-gemoksu-shard-00-00.gqqqwzj.mongodb.net:27017 to client view of cluster
14:37:52.158 [cluster-ClusterId{value='687e0368a5b2fcf8ce803f36', description='null'}-srv-cluster0.gqqqwzj.mongodb.net] INFO  org.mongodb.driver.cluster - Adding discovered server ac-gemoksu-shard-00-02.gqqqwzj.mongodb.net:27017 to client view of cluster
14:37:52.159 [cluster-ClusterId{value='687e0368a5b2fcf8ce803f36', description='null'}-srv-cluster0.gqqqwzj.mongodb.net] INFO  org.mongodb.driver.cluster - Adding discovered server ac-gemoksu-shard-00-01.gqqqwzj.mongodb.net:27017 to client view of cluster
14:37:52.354 [cluster-ClusterId{value='687e0368a5b2fcf8ce803f36', description='null'}-ac-gemoksu-shard-00-01.gqqqwzj.mongodb.net:27017] INFO  org.mongodb.driver.cluster - Monitor thread successfully connected to server with description ServerDescription{address=ac-gemoksu-shard-00-01.gqqqwzj.mongodb.net:27017, type=REPLICA_SET_PRIMARY, cryptd=false, state=CONNECTED, ok=true, minWireVersion=0, maxWireVersion=25, maxDocumentSize=16777216, logicalSessionTimeoutMinutes=30, roundTripTimeNanos=120117100, minRoundTripTimeNanos=0, setName='atlas-m5ab0s-shard-0', canonicalAddress=ac-gemoksu-shard-00-01.gqqqwzj.mongodb.net:27017, hosts=[ac-gemoksu-shard-00-00.gqqqwzj.mongodb.net:27017, ac-gemoksu-shard-00-01.gqqqwzj.mongodb.net:27017, ac-gemoksu-shard-00-02.gqqqwzj.mongodb.net:27017], passives=[], arbiters=[], primary='ac-gemoksu-shard-00-01.gqqqwzj.mongodb.net:27017', tagSet=TagSet{[Tag{name='availabilityZone', value='aps1-az3'}, Tag{name='diskState', value='READY'}, Tag{name='nodeType', value='ELECTABLE'}, Tag{name='provider', value='AWS'}, Tag{name='region', value='AP_SOUTH_1'}, Tag{name='workloadType', value='OPERATIONAL'}]}, electionId=7fffffff0000000000000087, setVersion=34, topologyVersion=TopologyVersion{processId=687d0a6480e07e8bd74f708d, counter=9}, lastWriteDate=Mon Jul 21 14:39:40 IST 2025, lastUpdateTimeNanos=17742091247400}
14:37:52.354 [cluster-ClusterId{value='687e0368a5b2fcf8ce803f36', description='null'}-ac-gemoksu-shard-00-02.gqqqwzj.mongodb.net:27017] INFO  org.mongodb.driver.cluster - Monitor thread successfully connected to server with description ServerDescription{address=ac-gemoksu-shard-00-02.gqqqwzj.mongodb.net:27017, type=REPLICA_SET_SECONDARY, cryptd=false, state=CONNECTED, ok=true, minWireVersion=0, maxWireVersion=25, maxDocumentSize=16777216, logicalSessionTimeoutMinutes=30, roundTripTimeNanos=120117100, minRoundTripTimeNanos=0, setName='atlas-m5ab0s-shard-0', canonicalAddress=ac-gemoksu-shard-00-02.gqqqwzj.mongodb.net:27017, hosts=[ac-gemoksu-shard-00-00.gqqqwzj.mongodb.net:27017, ac-gemoksu-shard-00-01.gqqqwzj.mongodb.net:27017, ac-gemoksu-shard-00-02.gqqqwzj.mongodb.net:27017], passives=[], arbiters=[], primary='ac-gemoksu-shard-00-01.gqqqwzj.mongodb.net:27017', tagSet=TagSet{[Tag{name='availabilityZone', value='aps1-az2'}, Tag{name='diskState', value='READY'}, Tag{name='nodeType', value='ELECTABLE'}, Tag{name='provider', value='AWS'}, Tag{name='region', value='AP_SOUTH_1'}, Tag{name='workloadType', value='OPERATIONAL'}]}, electionId=null, setVersion=34, topologyVersion=TopologyVersion{processId=687d0c4cbe6589f70f0879f5, counter=5}, lastWriteDate=Mon Jul 21 14:39:40 IST 2025, lastUpdateTimeNanos=17742091247300}
14:37:52.355 [cluster-ClusterId{value='687e0368a5b2fcf8ce803f36', description='null'}-ac-gemoksu-shard-00-01.gqqqwzj.mongodb.net:27017] INFO  org.mongodb.driver.cluster - Discovered replica set primary ac-gemoksu-shard-00-01.gqqqwzj.mongodb.net:27017 with max election id 7fffffff0000000000000087 and max set version 34
14:37:52.355 [cluster-ClusterId{value='687e0368a5b2fcf8ce803f36', description='null'}-ac-gemoksu-shard-00-00.gqqqwzj.mongodb.net:27017] INFO  org.mongodb.driver.cluster - Monitor thread successfully connected to server with description ServerDescription{address=ac-gemoksu-shard-00-00.gqqqwzj.mongodb.net:27017, type=REPLICA_SET_SECONDARY, cryptd=false, state=CONNECTED, ok=true, minWireVersion=0, maxWireVersion=25, maxDocumentSize=16777216, logicalSessionTimeoutMinutes=30, roundTripTimeNanos=122142800, minRoundTripTimeNanos=0, setName='atlas-m5ab0s-shard-0', canonicalAddress=ac-gemoksu-shard-00-00.gqqqwzj.mongodb.net:27017, hosts=[ac-gemoksu-shard-00-00.gqqqwzj.mongodb.net:27017, ac-gemoksu-shard-00-01.gqqqwzj.mongodb.net:27017, ac-gemoksu-shard-00-02.gqqqwzj.mongodb.net:27017], passives=[], arbiters=[], primary='ac-gemoksu-shard-00-01.gqqqwzj.mongodb.net:27017', tagSet=TagSet{[Tag{name='availabilityZone', value='aps1-az1'}, Tag{name='diskState', value='READY'}, Tag{name='nodeType', value='ELECTABLE'}, Tag{name='provider', value='AWS'}, Tag{name='region', value='AP_SOUTH_1'}, Tag{name='workloadType', value='OPERATIONAL'}]}, electionId=null, setVersion=34, topologyVersion=TopologyVersion{processId=687d0b24fd255b6a0fe8827c, counter=5}, lastWriteDate=Mon Jul 21 14:39:40 IST 2025, lastUpdateTimeNanos=17742093270600}
14:37:52.737 [restartedMain] WARN  o.s.b.w.s.c.AnnotationConfigServletWebServerApplicationContext - Exception encountered during context initialization - cancelling refresh attempt: org.springframework.beans.factory.BeanCreationException: Error creating bean with name 'weatherService' defined in file [C:\Users\yk384\Downloads\demo (1)\demo\target\classes\com\example\demo\service\WeatherService.class]: Failed to instantiate [com.example.demo.service.WeatherService]: Constructor threw exception
14:37:52.786 [restartedMain] INFO  o.a.catalina.core.StandardService - Stopping service [Tomcat]
14:37:52.792 [restartedMain] INFO  o.s.b.a.l.ConditionEvaluationReportLogger - 

Error starting ApplicationContext. To display the condition evaluation report re-run your application with 'debug' enabled.
14:37:52.795 [restartedMain] ERROR o.s.boot.SpringApplication - Application run failed
org.springframework.beans.factory.BeanCreationException: Error creating bean with name 'weatherService' defined in file [C:\Users\yk384\Downloads\demo (1)\demo\target\classes\com\example\demo\service\WeatherService.class]: Failed to instantiate [com.example.demo.service.WeatherService]: Constructor threw exception
	at org.springframework.beans.factory.support.AbstractAutowireCapableBeanFactory.instantiateBean(AbstractAutowireCapableBeanFactory.java:1357)
	at org.springframework.beans.factory.support.AbstractAutowireCapableBeanFactory.createBeanInstance(AbstractAutowireCapableBeanFactory.java:1242)
	at org.springframework.beans.factory.support.AbstractAutowireCapableBeanFactory.doCreateBean(AbstractAutowireCapableBeanFactory.java:569)
	at org.springframework.beans.factory.support.AbstractAutowireCapableBeanFactory.createBean(AbstractAutowireCapableBeanFactory.java:529)
	at org.springframework.beans.factory.support.AbstractBeanFactory.lambda$doGetBean$0(AbstractBeanFactory.java:339)
	at org.springframework.beans.factory.support.DefaultSingletonBeanRegistry.getSingleton(DefaultSingletonBeanRegistry.java:373)
	at org.springframework.beans.factory.support.AbstractBeanFactory.doGetBean(AbstractBeanFactory.java:337)
	at org.springframework.beans.factory.support.AbstractBeanFactory.getBean(AbstractBeanFactory.java:202)
	at org.springframework.beans.factory.support.DefaultListableBeanFactory.instantiateSingleton(DefaultListableBeanFactory.java:1222)
	at org.springframework.beans.factory.support.DefaultListableBeanFactory.preInstantiateSingleton(DefaultListableBeanFactory.java:1188)
	at org.springframework.beans.factory.support.DefaultListableBeanFactory.preInstantiateSingletons(DefaultListableBeanFactory.java:1123)
	at org.springframework.context.support.AbstractApplicationContext.finishBeanFactoryInitialization(AbstractApplicationContext.java:987)
	at org.springframework.context.support.AbstractApplicationContext.refresh(AbstractApplicationContext.java:627)
	at org.springframework.boot.web.servlet.context.ServletWebServerApplicationContext.refresh(ServletWebServerApplicationContext.java:146)
	at org.springframework.boot.SpringApplication.refresh(SpringApplication.java:752)
	at org.springframework.boot.SpringApplication.refreshContext(SpringApplication.java:439)
	at org.springframework.boot.SpringApplication.run(SpringApplication.java:318)
	at org.springframework.boot.SpringApplication.run(SpringApplication.java:1361)
	at org.springframework.boot.SpringApplication.run(SpringApplication.java:1350)
	at com.example.demo.DemoApplication.main(DemoApplication.java:15)
	at java.base/jdk.internal.reflect.NativeMethodAccessorImpl.invoke0(Native Method)
	at java.base/jdk.internal.reflect.NativeMethodAccessorImpl.invoke(NativeMethodAccessorImpl.java:77)
	at java.base/jdk.internal.reflect.DelegatingMethodAccessorImpl.invoke(DelegatingMethodAccessorImpl.java:43)
	at java.base/java.lang.reflect.Method.invoke(Method.java:569)
	at org.springframework.boot.devtools.restart.RestartLauncher.run(RestartLauncher.java:50)
Caused by: org.springframework.beans.BeanInstantiationException: Failed to instantiate [com.example.demo.service.WeatherService]: Constructor threw exception
	at org.springframework.beans.BeanUtils.instantiateClass(BeanUtils.java:223)
	at org.springframework.beans.factory.support.SimpleInstantiationStrategy.instantiate(SimpleInstantiationStrategy.java:122)
	at org.springframework.beans.factory.support.AbstractAutowireCapableBeanFactory.instantiateBean(AbstractAutowireCapableBeanFactory.java:1351)
	... 24 common frames omitted
Caused by: java.lang.Error: Unresolved compilation problem: 
	Syntax error, insert ";" to complete ClassBodyDeclarations

	at com.example.demo.service.WeatherService.<init>(WeatherService.java:7)
	at java.base/jdk.internal.reflect.NativeConstructorAccessorImpl.newInstance0(Native Method)
	at java.base/jdk.internal.reflect.NativeConstructorAccessorImpl.newInstance(NativeConstructorAccessorImpl.java:77)
	at java.base/jdk.internal.reflect.DelegatingConstructorAccessorImpl.newInstance(DelegatingConstructorAccessorImpl.java:45)
	at java.base/java.lang.reflect.Constructor.newInstanceWithCaller(Constructor.java:500)
	at java.base/java.lang.reflect.Constructor.newInstance(Constructor.java:481)
	at org.springframework.beans.BeanUtils.instantiateClass(BeanUtils.java:197)
	... 26 common frames omitted
